2021/01/25, 19:08:30Expected n_neighbors <= n_samples,  but n_samples = 1, n_neighbors = 2
2021/01/25, 19:08:48Expected n_neighbors <= n_samples,  but n_samples = 1, n_neighbors = 2
2021/01/25, 19:08:51Expected n_neighbors <= n_samples,  but n_samples = 1, n_neighbors = 2
2021/01/25, 19:24:12Expected n_neighbors <= n_samples,  but n_samples = 1, n_neighbors = 2
2021/01/25, 19:24:53Expected n_neighbors <= n_samples,  but n_samples = 1, n_neighbors = 2
2021/01/25, 19:25:35Expected n_neighbors <= n_samples,  but n_samples = 1, n_neighbors = 2
2021/01/25, 19:26:16Expected n_neighbors <= n_samples,  but n_samples = 1, n_neighbors = 2
2021/01/25, 19:26:59Expected n_neighbors <= n_samples,  but n_samples = 1, n_neighbors = 2
2021/01/25, 19:27:41Expected n_neighbors <= n_samples,  but n_samples = 1, n_neighbors = 2
2021/01/25, 19:28:24Expected n_neighbors <= n_samples,  but n_samples = 1, n_neighbors = 2
2021/01/25, 19:29:07Expected n_neighbors <= n_samples,  but n_samples = 1, n_neighbors = 2
2021/01/25, 19:29:50Expected n_neighbors <= n_samples,  but n_samples = 1, n_neighbors = 2
2021/01/25, 19:30:34Expected n_neighbors <= n_samples,  but n_samples = 1, n_neighbors = 2
2021/01/25, 19:31:19Expected n_neighbors <= n_samples,  but n_samples = 1, n_neighbors = 2
2021/01/25, 19:32:03Expected n_neighbors <= n_samples,  but n_samples = 1, n_neighbors = 2
2021/02/17, 13:43:07only integer scalar arrays can be converted to a scalar index
2021/02/17, 13:43:07only integer scalar arrays can be converted to a scalar index
2021/02/17, 13:43:07only integer scalar arrays can be converted to a scalar index
2021/02/17, 13:43:07only integer scalar arrays can be converted to a scalar index
2021/02/17, 13:44:24only integer scalar arrays can be converted to a scalar index
2021/02/17, 13:57:32'Class'
2021/02/17, 13:57:32'Class'
2021/02/17, 13:57:32'Class'
2021/02/17, 13:57:32'Class'
2021/02/17, 13:57:32'Class'
2021/03/03, 10:00:27name 'preprocessing_pipeline' is not defined
2021/06/10, 15:02:02[Errno 21] Is a directory: '/home/rafael/Área de Trabalho/Temp/Teste/Saida'
2021/06/10, 15:02:02[Errno 21] Is a directory: '/home/rafael/Área de Trabalho/Temp/Teste/Saida'
2021/06/10, 15:02:02[Errno 21] Is a directory: '/home/rafael/Área de Trabalho/Temp/Teste/Saida'
2021/06/10, 15:02:02[Errno 21] Is a directory: '/home/rafael/Área de Trabalho/Temp/Teste/Saida'
2021/06/10, 15:02:02[Errno 21] Is a directory: '/home/rafael/Área de Trabalho/Temp/Teste/Saida'
2021/06/10, 15:02:02[Errno 21] Is a directory: '/home/rafael/Área de Trabalho/Temp/Teste/Saida'
2021/06/10, 15:02:02[Errno 21] Is a directory: '/home/rafael/Área de Trabalho/Temp/Teste/Saida'
2021/06/10, 15:02:02[Errno 21] Is a directory: '/home/rafael/Área de Trabalho/Temp/Teste/Saida'
2021/06/10, 15:02:02[Errno 21] Is a directory: '/home/rafael/Área de Trabalho/Temp/Teste/Saida'
2021/06/10, 15:02:02[Errno 21] Is a directory: '/home/rafael/Área de Trabalho/Temp/Teste/Saida'
2021/06/10, 15:02:02[Errno 21] Is a directory: '/home/rafael/Área de Trabalho/Temp/Teste/Saida'
2021/06/10, 15:02:02[Errno 21] Is a directory: '/home/rafael/Área de Trabalho/Temp/Teste/Saida'
2021/06/10, 15:02:02[Errno 21] Is a directory: '/home/rafael/Área de Trabalho/Temp/Teste/Saida'
2021/06/10, 15:02:02[Errno 21] Is a directory: '/home/rafael/Área de Trabalho/Temp/Teste/Saida'
2021/06/10, 15:02:02[Errno 21] Is a directory: '/home/rafael/Área de Trabalho/Temp/Teste/Saida'
2021/07/19, 19:32:08Expected n_neighbors <= n_samples,  but n_samples = 1, n_neighbors = 2
